  main.cpp
C:\Users\unai\Desktop\Prueba_2\Code\main.cpp(153,47): warning C4305: 'argument': truncation from 'double' to 'float'
C:\Users\unai\Desktop\Prueba_2\Code\main.cpp(315,34): warning C4244: '=': conversion from 'double' to 'float', possible loss of data
  Object.cpp
C:\Program Files (x86)\Windows Kits\10\Include\10.0.19041.0\shared\minwindef.h(130,1): warning C4005: 'APIENTRY': macro redefinition
C:\Users\unai\Desktop\Prueba_2\Dependencies\glad\glad\glad.h(32): message : see previous definition of 'APIENTRY'
C:\Users\unai\Desktop\Prueba_2\Code\Object.cpp(83,31): warning C4267: '=': conversion from 'size_t' to 'int', possible loss of data
  simulator.cpp
C:\Program Files (x86)\Windows Kits\10\Include\10.0.19041.0\shared\minwindef.h(130,1): warning C4005: 'APIENTRY': macro redefinition
C:\Users\unai\Desktop\Prueba_2\Dependencies\glad\glad\glad.h(32): message : see previous definition of 'APIENTRY'
C:\Users\unai\Desktop\Prueba_2\Code\ProgressionBar.h(38,26): warning C4244: 'initializing': conversion from 'double' to 'float', possible loss of data
C:\Users\unai\Desktop\Prueba_2\Code\ProgressionBar.h(38,23): warning C4244: 'initializing': conversion from 'double' to 'const float', possible loss of data
C:\Users\unai\Desktop\Prueba_2\Code\ProgressionBar.h(76,25): warning C4244: 'argument': conversion from 'double' to 'float', possible loss of data
C:\Users\unai\Desktop\Prueba_2\Code\ProgressionBar.h(76,19): warning C4244: 'initializing': conversion from 'float' to 'int', possible loss of data
C:\Users\unai\Desktop\Prueba_2\Code\ProgressionBar.h(85,60): warning C4244: 'argument': conversion from 'double' to 'float', possible loss of data
C:\Users\unai\Desktop\Prueba_2\Code\ProgressionBar.h(86,28): warning C4244: 'argument': conversion from 'double' to 'float', possible loss of data
C:\Users\unai\Desktop\Prueba_2\Code\ProgressionBar.h(89,52): warning C4244: 'argument': conversion from 'int' to 'float', possible loss of data
C:\Users\unai\Desktop\Prueba_2\Code\simulator.cpp(298,18): warning C4244: 'initializing': conversion from 'double' to 'float', possible loss of data
C:\Users\unai\Desktop\Prueba_2\Code\simulator.cpp(375,18): warning C4244: 'initializing': conversion from 'int' to 'float', possible loss of data
C:\Users\unai\Desktop\Prueba_2\Code\simulator.cpp(409,25): warning C4244: 'initializing': conversion from 'float' to 'int', possible loss of data
C:\Users\unai\Desktop\Prueba_2\Code\simulator.cpp(410,25): warning C4244: 'initializing': conversion from 'float' to 'int', possible loss of data
C:\Users\unai\Desktop\Prueba_2\Code\simulator.cpp(411,25): warning C4244: 'initializing': conversion from 'float' to 'int', possible loss of data
C:\Users\unai\Desktop\Prueba_2\Code\simulator.cpp(412,25): warning C4244: 'initializing': conversion from 'float' to 'int', possible loss of data
C:\Users\unai\Desktop\Prueba_2\Code\simulator.cpp(413,25): warning C4244: 'initializing': conversion from 'float' to 'int', possible loss of data
C:\Users\unai\Desktop\Prueba_2\Code\simulator.cpp(414,25): warning C4244: 'initializing': conversion from 'float' to 'int', possible loss of data
C:\Users\unai\Desktop\Prueba_2\Code\simulator.cpp(460,36): warning C4244: '=': conversion from 'int' to 'float', possible loss of data
C:\Users\unai\Desktop\Prueba_2\Code\simulator.cpp(482,31): warning C4244: '=': conversion from 'int' to 'float', possible loss of data
C:\Users\unai\Desktop\Prueba_2\Code\simulator.cpp(494,31): warning C4244: '=': conversion from 'int' to 'float', possible loss of data
C:\Users\unai\Desktop\Prueba_2\Code\simulator.cpp(515,39): warning C4244: '=': conversion from 'double' to 'float', possible loss of data
C:\Users\unai\Desktop\Prueba_2\Code\simulator.cpp(517,61): warning C4244: 'argument': conversion from 'size_t' to 'float', possible loss of data
C:\Users\unai\Desktop\Prueba_2\Code\simulator.cpp(529,60): warning C4244: 'argument': conversion from 'size_t' to 'float', possible loss of data
  Generating Code...
C:\Users\unai\Desktop\Prueba_2\Code\ProgressionBar.h(53): warning C4715: 'ImGui::BufferingBar': not all control paths return a value
C:\Users\unai\Desktop\Prueba_2\Code\ProgressionBar.h(90): warning C4715: 'ImGui::Spinner': not all control paths return a value
  glad.c
  Prueba_2.vcxproj -> C:\Users\unai\Desktop\Prueba_2\x64\Debug\Prueba_2.exe
