c:\users\unai\desktop\tfg\prueba_2\x64\debug\vc143.pdb
c:\users\unai\desktop\tfg\prueba_2\x64\debug\vc143.idb
c:\users\unai\desktop\tfg\prueba_2\x64\debug\simulator.obj
c:\users\unai\desktop\tfg\prueba_2\x64\debug\physics.obj
c:\users\unai\desktop\tfg\prueba_2\x64\debug\particle.obj
c:\users\unai\desktop\tfg\prueba_2\x64\debug\object.obj
c:\users\unai\desktop\tfg\prueba_2\x64\debug\localtextureanimation.obj
c:\users\unai\desktop\tfg\prueba_2\x64\debug\generaltextureanimation.obj
c:\users\unai\desktop\tfg\prueba_2\x64\debug\general.obj
c:\users\unai\desktop\tfg\prueba_2\x64\debug\imgui_widgets.obj
c:\users\unai\desktop\tfg\prueba_2\x64\debug\imgui_tables.obj
c:\users\unai\desktop\tfg\prueba_2\x64\debug\imgui_impl_opengl3.obj
c:\users\unai\desktop\tfg\prueba_2\x64\debug\imgui_impl_glfw.obj
c:\users\unai\desktop\tfg\prueba_2\x64\debug\imgui_draw.obj
c:\users\unai\desktop\tfg\prueba_2\x64\debug\imgui_demo.obj
c:\users\unai\desktop\tfg\prueba_2\x64\debug\imguizmo.obj
c:\users\unai\desktop\tfg\prueba_2\x64\debug\imgui.obj
c:\users\unai\desktop\tfg\prueba_2\x64\debug\prueba_2.tlog\cl.command.1.tlog
c:\users\unai\desktop\tfg\prueba_2\x64\debug\prueba_2.tlog\cl.read.1.tlog
c:\users\unai\desktop\tfg\prueba_2\x64\debug\prueba_2.tlog\cl.write.1.tlog
